<?xml version="1.0" encoding="UTF-8"?>
<!-- Generated by org.testng.reporters.JUnitXMLReporter -->
<testsuite ignored="0" hostname="DESKTOP-O7L2KAB" failures="1" tests="5" name="Test" time="24.994" errors="0" timestamp="2023-02-05T22:47:54 IST">
  <testcase classname="tests.RegisterTest" name="registerNewAccountByProvidingAllDetails" time="2.732">
    <failure type="java.lang.AssertionError" message="expected [ABC Your Account Has Been Created!] but found [Your Account Has Been Created!]">
      <![CDATA[java.lang.AssertionError: expected [ABC Your Account Has Been Created!] but found [Your Account Has Been Created!]
at tests.RegisterTest.registerNewAccountByProvidingAllDetails(RegisterTest.java:40)
at java.base/java.util.ArrayList.forEach(ArrayList.java:1511)
... Removed 37 stack frames]]>
    </failure>
  </testcase> <!-- registerNewAccountByProvidingAllDetails -->
  <testcase classname="tests.RegisterTest" name="registerNewAccountByProvidingMandatoryDetails" time="2.463"/>
  <testcase classname="tests.LoginTest" name="loginWithValidCredentails" time="1.867"/>
  <testcase classname="tests.LoginTest" name="loginWithInvalidEmailAddressAndValidPassword" time="1.52"/>
  <testcase classname="tests.LoginTest" name="loginWithValidEmailAddressAndInvalidValidPassword" time="1.442"/>
</testsuite> <!-- Test -->
